2018-02-12 20:08:41  [ main:0 ] - [ INFO ]  Pmi关联度答案:--------------------------是选大值,非选小值
2018-02-12 20:08:41  [ main:2 ] - [ INFO ]  題目 : 四大丑女
2018-02-12 20:08:42  [ main:455 ] - [ INFO ]  孟光:0.040060975609756098447800098938387236557900905609130859375
2018-02-12 20:08:42  [ main:627 ] - [ INFO ]  钟无艳:0.0283769633507853398513010034776016254909336566925048828125
2018-02-12 20:08:42  [ main:789 ] - [ INFO ]  黄月英:0.00954545454545454620520761324087288812734186649322509765625
2018-02-12 20:08:42  [ main:789 ] - [ INFO ]  -----------------------------------------
2018-02-12 20:08:42  [ main:789 ] - [ INFO ]  NIP关联度答案:--------------------------是选大值,非选小
2018-02-12 20:08:42  [ main:789 ] - [ INFO ]  題目 : 四大丑女
2018-02-12 20:08:43  [ main:2098 ] - [ INFO ]  孟光:0.43713999999999997303490317790419794619083404541015625
2018-02-12 20:08:44  [ main:2344 ] - [ INFO ]  钟无艳:0.392944000000000015493384353248984552919864654541015625
2018-02-12 20:08:44  [ main:2576 ] - [ INFO ]  黄月英:0.41136899999999998467359318965463899075984954833984375
2018-02-12 20:08:44  [ main:2577 ] - [ INFO ]  Pmi关联度答案:--------------------------是选大值,非选小值
2018-02-12 20:08:44  [ main:2577 ] - [ INFO ]  題目 : 下列不是俄国作家的是
2018-02-12 20:08:44  [ main:2768 ] - [ INFO ]  泰戈尔 :0.0050152671755725186653052105612005107104778289794921875
2018-02-12 20:08:44  [ main:2976 ] - [ INFO ]  普希金:0.01386696730552423872939726834374596364796161651611328125
2018-02-12 20:08:44  [ main:3177 ] - [ INFO ]  高尔基:0.0080924855491329474033168622781886369921267032623291015625
2018-02-12 20:08:44  [ main:3177 ] - [ INFO ]  -----------------------------------------
2018-02-12 20:08:44  [ main:3177 ] - [ INFO ]  NIP关联度答案:--------------------------是选大值,非选小
2018-02-12 20:08:44  [ main:3177 ] - [ INFO ]  題目 : 下列不是俄国作家的是
2018-02-12 20:08:45  [ main:3345 ] - [ INFO ]  泰戈尔 :0.44482699999999997242383642515051178634166717529296875
2018-02-12 20:08:45  [ main:3556 ] - [ INFO ]  普希金:0.452147000000000021113777393111377023160457611083984375
2018-02-12 20:08:45  [ main:3725 ] - [ INFO ]  高尔基:0.5733930000000000415383283325354568660259246826171875
2018-02-12 20:33:38  [ Grizzly(2):1 ] - [ INFO ]  {"MsgTag":10030203,"time":10,"round":1,"total":12,"topicId":1212,"topicContent":"《出师表》是谁的作品?","options":[{"optionId":4429,"optionContent":"刘备"},{"optionId":4430,"optionContent":"诸葛亮"},{"optionId":4431,"optionContent":"曹操"}]}
2018-02-12 20:33:38  [ Grizzly(2):13 ] - [ INFO ]  題目 : 《出师表》是谁的作品?
选项a  : 刘备
选项 b : 诸葛亮
选项 c: 曹操

2018-02-12 20:33:38  [ Grizzly(2):14 ] - [ INFO ]  Pmi关联度答案:--------------------------是选大值,非选小值
2018-02-12 20:33:38  [ Grizzly(2):14 ] - [ INFO ]  題目 : 《出师表》是谁的作品?
2018-02-12 20:33:39  [ Grizzly(2):741 ] - [ INFO ]  刘备:0.119148936170212771390453099229489453136920928955078125
2018-02-12 20:33:40  [ Grizzly(2):1505 ] - [ INFO ]  诸葛亮:0.2086776859504132219935712555525242350995540618896484375
2018-02-12 20:33:40  [ Grizzly(2):2026 ] - [ INFO ]  曹操:0.09723320158102766175289843886275775730609893798828125
2018-02-12 20:33:40  [ Grizzly(2):2026 ] - [ INFO ]  Pmi推荐答案: 2
2018-02-12 20:33:40  [ Grizzly(2):2026 ] - [ INFO ]  -----------------------------------------
2018-02-12 20:33:40  [ Grizzly(2):2026 ] - [ INFO ]  NIP关联度答案:--------------------------是选大值,非选小
2018-02-12 20:33:40  [ Grizzly(2):2026 ] - [ INFO ]  題目 : 《出师表》是谁的作品?
2018-02-12 20:33:41  [ Grizzly(2):2845 ] - [ INFO ]  刘备:0.27578599999999997560706788135576061904430389404296875
2018-02-12 20:33:41  [ Grizzly(2):3014 ] - [ INFO ]  诸葛亮:0.246562000000000003385736135896877385675907135009765625
2018-02-12 20:33:42  [ Grizzly(2):3151 ] - [ INFO ]  曹操:0.338785999999999976051157091205823235213756561279296875
2018-02-12 20:34:39  [ Grizzly(2):60822 ] - [ INFO ]  {"MsgTag":10030203,"time":10,"round":2,"total":12,"topicId":1213,"topicContent":"被后人称为“至圣先师”的是？","options":[{"optionId":4432,"optionContent":"庄子  "},{"optionId":4433,"optionContent":"孔子"},{"optionId":4434,"optionContent":"老子"}]}
2018-02-12 20:34:39  [ Grizzly(2):60823 ] - [ INFO ]  題目 : 被后人称为“至圣先师”的是？
选项a  : 庄子  
选项 b : 孔子
选项 c: 老子

2018-02-12 20:34:39  [ Grizzly(2):60823 ] - [ INFO ]  Pmi关联度答案:--------------------------是选大值,非选小值
2018-02-12 20:34:39  [ Grizzly(2):60823 ] - [ INFO ]  題目 : 被后人称为“至圣先师”的是？
2018-02-12 20:34:40  [ Grizzly(2):61733 ] - [ INFO ]  庄子  :0.00081675392670157065562464016039712078054435551166534423828125
2018-02-12 20:34:41  [ Grizzly(2):62872 ] - [ INFO ]  孔子:0.0034202898550724637576070374933578932541422545909881591796875
2018-02-12 20:34:42  [ Grizzly(2):64024 ] - [ INFO ]  老子:0.00086021505376344085946893613936481415294110774993896484375
2018-02-12 20:34:42  [ Grizzly(2):64024 ] - [ INFO ]  Pmi推荐答案: 2
2018-02-12 20:34:42  [ Grizzly(2):64024 ] - [ INFO ]  -----------------------------------------
2018-02-12 20:34:42  [ Grizzly(2):64024 ] - [ INFO ]  NIP关联度答案:--------------------------是选大值,非选小
2018-02-12 20:34:42  [ Grizzly(2):64024 ] - [ INFO ]  題目 : 被后人称为“至圣先师”的是？
2018-02-12 20:34:43  [ Grizzly(2):64222 ] - [ INFO ]  庄子  :0.44319399999999997685762309629353694617748260498046875
2018-02-12 20:34:43  [ Grizzly(2):64409 ] - [ INFO ]  孔子:0.49189899999999997515232053046929650008678436279296875
2018-02-12 20:34:43  [ Grizzly(2):65099 ] - [ INFO ]  老子:0.381130000000000024318325131389428861439228057861328125
2018-02-12 20:35:35  [ Grizzly(2):116620 ] - [ INFO ]  {"MsgTag":10030203,"time":10,"round":3,"total":12,"topicId":1214,"topicContent":"“和实生物，同则不继”出自于？","options":[{"optionId":4435,"optionContent":"《国语·郑语》"},{"optionId":4436,"optionContent":"《诗经》 "},{"optionId":4437,"optionContent":"《易传》"}]}
2018-02-12 20:35:35  [ Grizzly(2):116621 ] - [ INFO ]  題目 : “和实生物，同则不继”出自于？
选项a  : 《国语·郑语》
选项 b : 《诗经》 
选项 c: 《易传》

2018-02-12 20:35:35  [ Grizzly(2):116621 ] - [ INFO ]  Pmi关联度答案:--------------------------是选大值,非选小值
2018-02-12 20:35:35  [ Grizzly(2):116621 ] - [ INFO ]  題目 : “和实生物，同则不继”出自于？
2018-02-12 20:35:36  [ Grizzly(2):117397 ] - [ INFO ]  《国语·郑语》:0.0175087719298245604593322610753602930344641208648681640625
2018-02-12 20:35:37  [ Grizzly(2):118667 ] - [ INFO ]  《诗经》 :0.0007684824902723734994791637831212938181124627590179443359375
2018-02-12 20:35:38  [ Grizzly(2):119561 ] - [ INFO ]  《易传》:0.009932203389830508710733880661791772581636905670166015625
2018-02-12 20:35:38  [ Grizzly(2):119561 ] - [ INFO ]  Pmi推荐答案: 1
2018-02-12 20:35:38  [ Grizzly(2):119561 ] - [ INFO ]  -----------------------------------------
2018-02-12 20:35:38  [ Grizzly(2):119561 ] - [ INFO ]  NIP关联度答案:--------------------------是选大值,非选小
2018-02-12 20:35:38  [ Grizzly(2):119562 ] - [ INFO ]  題目 : “和实生物，同则不继”出自于？
2018-02-12 20:35:38  [ Grizzly(2):119759 ] - [ INFO ]  《国语·郑语》:-1
2018-02-12 20:35:38  [ Grizzly(2):119935 ] - [ INFO ]  《诗经》 :-1
2018-02-12 20:35:38  [ Grizzly(2):120095 ] - [ INFO ]  《易传》:-1
2018-02-12 20:36:38  [ Grizzly(1):179544 ] - [ INFO ]  {"MsgTag":10030203,"time":10,"round":4,"total":12,"topicId":1215,"topicContent":"“五岁诵六甲，十岁观百家”指的是谁？","options":[{"optionId":4438,"optionContent":"李白 "},{"optionId":4439,"optionContent":"杜甫 "},{"optionId":4440,"optionContent":"白居易"}]}
2018-02-12 20:36:38  [ Grizzly(1):179544 ] - [ INFO ]  題目 : “五岁诵六甲，十岁观百家”指的是谁？
选项a  : 李白 
选项 b : 杜甫 
选项 c: 白居易

2018-02-12 20:36:38  [ Grizzly(1):179544 ] - [ INFO ]  Pmi关联度答案:--------------------------是选大值,非选小值
2018-02-12 20:36:38  [ Grizzly(1):179544 ] - [ INFO ]  題目 : “五岁诵六甲，十岁观百家”指的是谁？
2018-02-12 20:36:38  [ Grizzly(1):180116 ] - [ INFO ]  李白 :0.00424929178470254999278044039101587259210646152496337890625
2018-02-12 20:36:39  [ Grizzly(1):180659 ] - [ INFO ]  杜甫 :0.005496183206106870257345864416720360168255865573883056640625
2018-02-12 20:36:40  [ Grizzly(1):181397 ] - [ INFO ]  白居易:0.0004471153846153846163520573231409116488066501915454864501953125
2018-02-12 20:36:40  [ Grizzly(1):181397 ] - [ INFO ]  Pmi推荐答案: 2
2018-02-12 20:36:40  [ Grizzly(1):181397 ] - [ INFO ]  -----------------------------------------
2018-02-12 20:36:40  [ Grizzly(1):181397 ] - [ INFO ]  NIP关联度答案:--------------------------是选大值,非选小
2018-02-12 20:36:40  [ Grizzly(1):181397 ] - [ INFO ]  題目 : “五岁诵六甲，十岁观百家”指的是谁？
2018-02-12 20:36:40  [ Grizzly(1):181622 ] - [ INFO ]  李白 :0.260709000000000024055424319158191792666912078857421875
2018-02-12 20:36:40  [ Grizzly(1):181769 ] - [ INFO ]  杜甫 :0.26427400000000000890310047907405532896518707275390625
2018-02-12 20:36:40  [ Grizzly(1):181980 ] - [ INFO ]  白居易:0.306400000000000005684341886080801486968994140625
2018-02-12 20:37:48  [ Grizzly(1):249629 ] - [ INFO ]  {"MsgTag":10030203,"time":10,"round":5,"total":12,"topicId":1216,"topicContent":"《满江红·怒发冲冠》是谁创作的？","options":[{"optionId":4444,"optionContent":"岳飞  "},{"optionId":4445,"optionContent":"文天祥"},{"optionId":4446,"optionContent":"蔡文姬"}]}
2018-02-12 20:37:48  [ Grizzly(1):249629 ] - [ INFO ]  題目 : 《满江红·怒发冲冠》是谁创作的？
选项a  : 岳飞  
选项 b : 文天祥
选项 c: 蔡文姬

2018-02-12 20:37:48  [ Grizzly(1):249629 ] - [ INFO ]  Pmi关联度答案:--------------------------是选大值,非选小值
2018-02-12 20:37:48  [ Grizzly(1):249629 ] - [ INFO ]  題目 : 《满江红·怒发冲冠》是谁创作的？
2018-02-12 20:37:49  [ Grizzly(1):250624 ] - [ INFO ]  岳飞  :0.0040522875816993465802884344384438009001314640045166015625
2018-02-12 20:37:50  [ Grizzly(1):251343 ] - [ INFO ]  文天祥:0.01542857142857142864478259269844784284941852092742919921875
2018-02-12 20:37:50  [ Grizzly(1):251822 ] - [ INFO ]  蔡文姬:0.0015260115606936415499905734804997337050735950469970703125
2018-02-12 20:37:50  [ Grizzly(1):251823 ] - [ INFO ]  Pmi推荐答案: 2
2018-02-12 20:37:50  [ Grizzly(1):251823 ] - [ INFO ]  -----------------------------------------
2018-02-12 20:37:50  [ Grizzly(1):251823 ] - [ INFO ]  NIP关联度答案:--------------------------是选大值,非选小
2018-02-12 20:37:50  [ Grizzly(1):251823 ] - [ INFO ]  題目 : 《满江红·怒发冲冠》是谁创作的？
2018-02-12 20:37:50  [ Grizzly(1):251992 ] - [ INFO ]  岳飞  :0.321799000000000001708855279503040947020053863525390625
2018-02-12 20:37:51  [ Grizzly(1):252182 ] - [ INFO ]  文天祥:0.456214999999999981650233848995412699878215789794921875
2018-02-12 20:37:51  [ Grizzly(1):252309 ] - [ INFO ]  蔡文姬:0.1276500000000000134559030584568972699344158172607421875
2018-02-12 20:38:36  [ Grizzly(2):297154 ] - [ INFO ]  {"MsgTag":10030203,"time":10,"round":6,"total":12,"topicId":1217,"topicContent":"谁提出了“形具而神生”的命题？","options":[{"optionId":4447,"optionContent":"墨子"},{"optionId":4448,"optionContent":"庄子"},{"optionId":4449,"optionContent":"荀子"}]}
2018-02-12 20:38:36  [ Grizzly(2):297155 ] - [ INFO ]  題目 : 谁提出了“形具而神生”的命题？
选项a  : 墨子
选项 b : 庄子
选项 c: 荀子

2018-02-12 20:38:36  [ Grizzly(2):297155 ] - [ INFO ]  Pmi关联度答案:--------------------------是选大值,非选小值
2018-02-12 20:38:36  [ Grizzly(2):297155 ] - [ INFO ]  題目 : 谁提出了“形具而神生”的命题？
2018-02-12 20:38:36  [ Grizzly(2):297965 ] - [ INFO ]  墨子:0.20419580419580418695346679669455625116825103759765625
2018-02-12 20:38:37  [ Grizzly(2):298982 ] - [ INFO ]  庄子:0.1612565445026178101439739975830889306962490081787109375
2018-02-12 20:38:38  [ Grizzly(2):299893 ] - [ INFO ]  荀子:0.188819875776397527733507786251720972359180450439453125
2018-02-12 20:38:38  [ Grizzly(2):299893 ] - [ INFO ]  Pmi推荐答案: 1
2018-02-12 20:38:38  [ Grizzly(2):299893 ] - [ INFO ]  -----------------------------------------
2018-02-12 20:38:38  [ Grizzly(2):299893 ] - [ INFO ]  NIP关联度答案:--------------------------是选大值,非选小
2018-02-12 20:38:38  [ Grizzly(2):299893 ] - [ INFO ]  題目 : 谁提出了“形具而神生”的命题？
2018-02-12 20:38:38  [ Grizzly(2):300063 ] - [ INFO ]  墨子:0.2307559999999999889030988242666353471577167510986328125
2018-02-12 20:38:39  [ Grizzly(2):300212 ] - [ INFO ]  庄子:0.36103899999999999881339363128063268959522247314453125
2018-02-12 20:38:39  [ Grizzly(2):300309 ] - [ INFO ]  荀子:0.198907000000000000472510919280466623604297637939453125
2018-02-12 20:39:30  [ Grizzly(1):352093 ] - [ INFO ]  {"MsgTag":10030203,"time":10,"round":7,"total":12,"topicId":1218,"topicContent":"第23期《匠人与匠心》中，匠人缪成金老师提到彩石镶嵌共有几道工序？","options":[{"optionId":4450,"optionContent":"15"},{"optionId":4451,"optionContent":"16"},{"optionId":4452,"optionContent":"18"}]}
2018-02-12 20:39:30  [ Grizzly(1):352093 ] - [ INFO ]  題目 : 第23期《匠人与匠心》中，匠人缪成金老师提到彩石镶嵌共有几道工序？
选项a  : 15
选项 b : 16
选项 c: 18

2018-02-12 20:39:30  [ Grizzly(1):352095 ] - [ INFO ]  Pmi关联度答案:--------------------------是选大值,非选小值
2018-02-12 20:39:30  [ Grizzly(1):352095 ] - [ INFO ]  題目 : 第23期《匠人与匠心》中，匠人缪成金老师提到彩石镶嵌共有几道工序？
2018-02-12 20:39:31  [ Grizzly(1):352772 ] - [ INFO ]  15:3.200000000000000066952194656411112561045229085721075534820556640625E-7
2018-02-12 20:39:32  [ Grizzly(1):353301 ] - [ INFO ]  16:2.8000000000000001909320683328441514703399661811999976634979248046875E-7
2018-02-12 20:39:32  [ Grizzly(1):353790 ] - [ INFO ]  18:3.30000000000000016830612424578728081314693554304540157318115234375E-7
2018-02-12 20:39:32  [ Grizzly(1):353790 ] - [ INFO ]  Pmi推荐答案: 3
2018-02-12 20:39:32  [ Grizzly(1):353790 ] - [ INFO ]  -----------------------------------------
2018-02-12 20:39:32  [ Grizzly(1):353790 ] - [ INFO ]  NIP关联度答案:--------------------------是选大值,非选小
2018-02-12 20:39:32  [ Grizzly(1):353790 ] - [ INFO ]  題目 : 第23期《匠人与匠心》中，匠人缪成金老师提到彩石镶嵌共有几道工序？
2018-02-12 20:39:32  [ Grizzly(1):353992 ] - [ INFO ]  15:0.157534000000000007357670028795837424695491790771484375
2018-02-12 20:39:33  [ Grizzly(1):354169 ] - [ INFO ]  16:0.28477900000000000435562697020941413938999176025390625
2018-02-12 20:39:33  [ Grizzly(1):354331 ] - [ INFO ]  18:0.1653799999999999992272847748608910478651523590087890625
2018-02-12 20:40:52  [ Grizzly(1):433337 ] - [ INFO ]  {"MsgTag":10030203,"time":10,"round":8,"total":12,"topicId":1219,"topicContent":"以下哪一部作品的文体和其他两部不同？","options":[{"optionId":4453,"optionContent":"《陋室铭》"},{"optionId":4454,"optionContent":"《淮南子》 "},{"optionId":4455,"optionContent":"《过秦论》"}]}
2018-02-12 20:40:52  [ Grizzly(1):433338 ] - [ INFO ]  題目 : 以下哪一部作品的文体和其他两部不同？
选项a  : 《陋室铭》
选项 b : 《淮南子》 
选项 c: 《过秦论》

2018-02-12 20:40:52  [ Grizzly(1):433338 ] - [ INFO ]  Pmi关联度答案:--------------------------是选大值,非选小值
2018-02-12 20:40:52  [ Grizzly(1):433338 ] - [ INFO ]  題目 : 以下哪一部作品的文体和其他两部不同？
2018-02-12 20:40:53  [ Grizzly(1):434160 ] - [ INFO ]  《陋室铭》:0.0859340659340659396292494420777074992656707763671875
2018-02-12 20:40:53  [ Grizzly(1):434731 ] - [ INFO ]  《淮南子》 :0.031909090909090907783873802827656618319451808929443359375
2018-02-12 20:40:54  [ Grizzly(1):435328 ] - [ INFO ]  《过秦论》:0.08808777429467085084979771636426448822021484375
2018-02-12 20:40:54  [ Grizzly(1):435329 ] - [ INFO ]  Pmi推荐答案: 3
2018-02-12 20:40:54  [ Grizzly(1):435329 ] - [ INFO ]  -----------------------------------------
2018-02-12 20:40:54  [ Grizzly(1):435329 ] - [ INFO ]  NIP关联度答案:--------------------------是选大值,非选小
2018-02-12 20:40:54  [ Grizzly(1):435329 ] - [ INFO ]  題目 : 以下哪一部作品的文体和其他两部不同？
2018-02-12 20:40:54  [ Grizzly(1):435544 ] - [ INFO ]  《陋室铭》:-1
2018-02-12 20:40:54  [ Grizzly(1):435688 ] - [ INFO ]  《淮南子》 :-1
2018-02-12 20:40:54  [ Grizzly(1):435819 ] - [ INFO ]  《过秦论》:-1
2018-02-12 20:42:28  [ Grizzly(1):529515 ] - [ INFO ]  {"MsgTag":10030203,"time":10,"round":9,"total":12,"topicId":1220,"topicContent":"道教形成于什么时候？","options":[{"optionId":4456,"optionContent":"西汉中叶"},{"optionId":4457,"optionContent":"西汉末年 "},{"optionId":4458,"optionContent":"东汉末年"}]}
2018-02-12 20:42:28  [ Grizzly(1):529515 ] - [ INFO ]  題目 : 道教形成于什么时候？
选项a  : 西汉中叶
选项 b : 西汉末年 
选项 c: 东汉末年

2018-02-12 20:42:28  [ Grizzly(1):529515 ] - [ INFO ]  Pmi关联度答案:--------------------------是选大值,非选小值
2018-02-12 20:42:28  [ Grizzly(1):529515 ] - [ INFO ]  題目 : 道教形成于什么时候？
2018-02-12 20:42:29  [ Grizzly(1):530590 ] - [ INFO ]  西汉中叶:0.05732484076433121134019899045597412623465061187744140625
2018-02-12 20:42:30  [ Grizzly(1):531484 ] - [ INFO ]  西汉末年 :0.04246823956442831449198394011546042747795581817626953125
2018-02-12 20:42:31  [ Grizzly(1):532236 ] - [ INFO ]  东汉末年:0.00715503875968992279765767960952871362678706645965576171875
2018-02-12 20:42:31  [ Grizzly(1):532236 ] - [ INFO ]  Pmi推荐答案: 1
2018-02-12 20:42:31  [ Grizzly(1):532236 ] - [ INFO ]  -----------------------------------------
2018-02-12 20:42:31  [ Grizzly(1):532236 ] - [ INFO ]  NIP关联度答案:--------------------------是选大值,非选小
2018-02-12 20:42:31  [ Grizzly(1):532236 ] - [ INFO ]  題目 : 道教形成于什么时候？
2018-02-12 20:42:31  [ Grizzly(1):532386 ] - [ INFO ]  西汉中叶:0.5781490000000000240021336139761842787265777587890625
2018-02-12 20:42:31  [ Grizzly(1):532593 ] - [ INFO ]  西汉末年 :0.5943410000000000081854523159563541412353515625
2018-02-12 20:42:31  [ Grizzly(1):532741 ] - [ INFO ]  东汉末年:0.443033999999999983376852696892456151545047760009765625
2018-02-12 20:43:49  [ Grizzly(1):610956 ] - [ INFO ]  {"MsgTag":10030203,"time":10,"round":10,"total":12,"topicId":1221,"topicContent":"以下哪位不是宋词豪放派的代表人物？","options":[{"optionId":4459,"optionContent":"辛弃疾"},{"optionId":4460,"optionContent":"周邦彦"},{"optionId":4461,"optionContent":"张孝祥"}]}
2018-02-12 20:43:49  [ Grizzly(1):610956 ] - [ INFO ]  題目 : 以下哪位不是宋词豪放派的代表人物？
选项a  : 辛弃疾
选项 b : 周邦彦
选项 c: 张孝祥

2018-02-12 20:43:49  [ Grizzly(1):610956 ] - [ INFO ]  Pmi关联度答案:--------------------------是选大值,非选小值
2018-02-12 20:43:49  [ Grizzly(1):610956 ] - [ INFO ]  題目 : 以下哪位不是宋词豪放派的代表人物？
2018-02-12 20:43:50  [ Grizzly(1):611783 ] - [ INFO ]  辛弃疾:0.00547560975609756063475774823245956213213503360748291015625
2018-02-12 20:43:51  [ Grizzly(1):612535 ] - [ INFO ]  周邦彦:0.003948051948051947875051315151040398632176220417022705078125
2018-02-12 20:43:52  [ Grizzly(1):613472 ] - [ INFO ]  张孝祥:0.004220183486238531823941944054467967362143099308013916015625
2018-02-12 20:43:52  [ Grizzly(1):613472 ] - [ INFO ]  Pmi推荐答案: 1
2018-02-12 20:43:52  [ Grizzly(1):613472 ] - [ INFO ]  -----------------------------------------
2018-02-12 20:43:52  [ Grizzly(1):613473 ] - [ INFO ]  NIP关联度答案:--------------------------是选大值,非选小
2018-02-12 20:43:52  [ Grizzly(1):613473 ] - [ INFO ]  題目 : 以下哪位不是宋词豪放派的代表人物？
2018-02-12 20:43:52  [ Grizzly(1):613685 ] - [ INFO ]  辛弃疾:0.26553599999999999425881469505839049816131591796875
2018-02-12 20:43:52  [ Grizzly(1):613859 ] - [ INFO ]  周邦彦:0.30987500000000001154631945610162802040576934814453125
2018-02-12 20:43:52  [ Grizzly(1):614007 ] - [ INFO ]  张孝祥:0.09309009999999999507291903455552528612315654754638671875
2018-02-12 20:46:06  [ Grizzly(2):747266 ] - [ INFO ]  {"MsgTag":10030203,"time":10,"round":11,"total":12,"topicId":1222,"topicContent":"下列观点属于孔子的是？","options":[{"optionId":4462,"optionContent":"其善者伪也 "},{"optionId":4463,"optionContent":"克己复礼 "},{"optionId":4464,"optionContent":"生之谓性 "}]}
2018-02-12 20:46:06  [ Grizzly(2):747266 ] - [ INFO ]  題目 : 下列观点属于孔子的是？
选项a  : 其善者伪也 
选项 b : 克己复礼 
选项 c: 生之谓性 

2018-02-12 20:46:06  [ Grizzly(2):747266 ] - [ INFO ]  Pmi关联度答案:--------------------------是选大值,非选小值
2018-02-12 20:46:06  [ Grizzly(2):747266 ] - [ INFO ]  題目 : 下列观点属于孔子的是？
2018-02-12 20:46:06  [ Grizzly(2):747811 ] - [ INFO ]  其善者伪也 :7.56637168141592919567983699380420148372650146484375
2018-02-12 20:46:07  [ Grizzly(2):748698 ] - [ INFO ]  克己复礼 :0.04306784660766961592148760473719448782503604888916015625
2018-02-12 20:46:08  [ Grizzly(2):749263 ] - [ INFO ]  生之谓性 :0.99056603773584905869853400872671045362949371337890625
2018-02-12 20:46:08  [ Grizzly(2):749263 ] - [ INFO ]  Pmi推荐答案: 1
2018-02-12 20:46:08  [ Grizzly(2):749263 ] - [ INFO ]  -----------------------------------------
2018-02-12 20:46:08  [ Grizzly(2):749263 ] - [ INFO ]  NIP关联度答案:--------------------------是选大值,非选小
2018-02-12 20:46:08  [ Grizzly(2):749263 ] - [ INFO ]  題目 : 下列观点属于孔子的是？
2018-02-12 20:46:08  [ Grizzly(2):749503 ] - [ INFO ]  其善者伪也 :0.370516999999999985249132805620320141315460205078125
2018-02-12 20:46:08  [ Grizzly(2):749667 ] - [ INFO ]  克己复礼 :0.41405700000000000837729885461158119142055511474609375
2018-02-12 20:46:08  [ Grizzly(2):749851 ] - [ INFO ]  生之谓性 :0.489422999999999996934008095195167697966098785400390625
2018-02-12 20:47:33  [ Grizzly(2):834919 ] - [ INFO ]  {"MsgTag":10030203,"time":10,"round":12,"total":12,"topicId":1223,"topicContent":"下列不属于五言诗的是？","options":[{"optionId":4465,"optionContent":"《古诗十九首》"},{"optionId":4466,"optionContent":"《行行重行行》"},{"optionId":4467,"optionContent":"《洛阳女儿行》"}]}
2018-02-12 20:47:33  [ Grizzly(2):834919 ] - [ INFO ]  題目 : 下列不属于五言诗的是？
选项a  : 《古诗十九首》
选项 b : 《行行重行行》
选项 c: 《洛阳女儿行》

2018-02-12 20:47:33  [ Grizzly(2):834919 ] - [ INFO ]  Pmi关联度答案:--------------------------是选大值,非选小值
2018-02-12 20:47:33  [ Grizzly(2):834919 ] - [ INFO ]  題目 : 下列不属于五言诗的是？
2018-02-12 20:47:34  [ Grizzly(2):835653 ] - [ INFO ]  《古诗十九首》:0.14618556701030926969764323075651191174983978271484375
2018-02-12 20:47:35  [ Grizzly(2):836683 ] - [ INFO ]  《行行重行行》:0.011356589147286821894766717377933673560619354248046875
2018-02-12 20:47:36  [ Grizzly(2):837287 ] - [ INFO ]  《洛阳女儿行》:0.1274691358024691301142894417353090830147266387939453125
2018-02-12 20:47:36  [ Grizzly(2):837287 ] - [ INFO ]  Pmi推荐答案: 1
2018-02-12 20:47:36  [ Grizzly(2):837287 ] - [ INFO ]  -----------------------------------------
2018-02-12 20:47:36  [ Grizzly(2):837287 ] - [ INFO ]  NIP关联度答案:--------------------------是选大值,非选小
2018-02-12 20:47:36  [ Grizzly(2):837287 ] - [ INFO ]  題目 : 下列不属于五言诗的是？
2018-02-12 20:47:36  [ Grizzly(2):837487 ] - [ INFO ]  《古诗十九首》:-1
2018-02-12 20:47:36  [ Grizzly(2):837641 ] - [ INFO ]  《行行重行行》:-1
2018-02-12 20:47:36  [ Grizzly(2):837821 ] - [ INFO ]  《洛阳女儿行》:-1
